Starting avatar 0: ashedd, 45051, Thu Mar  8 15:24:30 2018

Starting avatar 1: ashedd, 45051, Thu Mar  8 15:24:30 2018

Starting avatar 2: ashedd, 45051, Thu Mar  8 15:24:30 2018

Starting avatar 0: ashedd, 45051, Thu Mar  8 15:24:30 2018

Starting avatar 1: ashedd, 45051, Thu Mar  8 15:24:30 2018

Starting avatar 0: ashedd, 45051, Thu Mar  8 15:24:30 2018

Starting avatar 0: ashedd, 45051, Thu Mar  8 15:24:30 2018

Starting avatar 1: ashedd, 45051, Thu Mar  8 15:24:30 2018

Starting avatar 2: ashedd, 45051, Thu Mar  8 15:24:30 2018

did not move.
avatar 1 completed their move.
avatar 0 hit a wall and did not move.
avatar 1 has attempted to move east from its current position at (1,5)
avatar 1 completed their move.
avatar 2 hit a wall and did not move.
avatar 0 hit a wall and did not move.
avatar 1 has attempted to move east from its current position at (2,5)
avatar 1 hit a wall and did not move.
avatar 1 completed their move.
avatar 1 completed their move.
avatar 1 has attempted to move south from its current position at (2,5)
avatar 1 completed their move.
avatar 2 hit a wall and did not move.
avatar 1 completed their move.
avatar 1 has attempted to move east from its current position at (2,6)
avatar 1 hit a wall and did not move.
avatar 1 completed their move.
avatar 0 hit a wall and did not move.
avatar 1 has attempted to move west from its current position at (2,6)
avatar 1 hit a wall and did not move.
avatar 1 completed their move.
avatar 1 completed their move.
avatar 1 has attempted to move south from its current position at (2,6)
avatar 1 completed their move.
avatar 1 completed their move.
avatar 1 completed their move.
avatar 1 has attempted to move east from its current position at (2,7)
avatar 1 hit a wall and did not move.
avatar 1 completed their move.
avatar 1 completed their move.
avatar 1 has attempted to move south from its current position at (2,7)
avatar 1 completed their move.
avatar 2 hit a wall and did not move.
avatar 1 completed their move.
avatar 1 has attempted to move east from its current position at (2,8)
avatar 1 completed their move.
avatar 1 completed their move.
avatar 1 completed their move.
avatar 1 has attempted to move north from its current position at (3,8)
avatar 1 hit a wall and did not move.
avatar 2 hit a wall and did not move.
avatar 1 completed their move.
avatar 1 has attempted to move east from its current position at (3,8)
avatar 1 completed their move.
avatar 1 completed their move.
avatar 1 completed their move.
avatar 1 has attempted to move north from its current position at (4,8)
avatar 1 hit a wall and did not move.
avatar 1 completed their move.
avatar 1 completed their move.
avatar 1 has attempted to move east from its current position at (4,8)
avatar 1 completed their move.
avatar 1 completed their move.
avatar 1 completed their move.
avatar 1 has attempted to move north from its current position at (5,8)
avatar 1 completed their move.
avatar 1 completed their move.
avatar 1 completed their move.
avatar 1 has attempted to move north from its current position at (5,7)
avatar 1 hit a wall and did not move.
avatar 2 hit a wall and did not move.
avatar 1 completed their move.
avatar 1 has attempted to move west from its current position at (5,7)
avatar 1 hit a wall and did not move.
avatar 2 hit a wall and did not move.
avatar 1 completed their move.
avatar 1 has attempted to move south from its current position at (5,7)
avatar 1 completed their move.
avatar 2 hit a wall and did not move.
avatar 1 completed their move.
avatar 1 has attempted to move west from its current position at (5,8)
avatar 1 completed their move.
avatar 2 hit a wall and did not move.
avatar 1 completed their move.
avatar 1 has attempted to move west from its current position at (4,8)
avatar 1 completed their move.
avatar 2 hit a wall and did not move.
avatar 1 completed their move.
avatar 1 has attempted to move west from its current position at (3,8)
avatar 1 completed their move.
avatar 2 hit a wall and did not move.
avatar 1 completed their move.
avatar 1 has attempted to move west from its current position at (2,8)
avatar 1 completed their move.
avatar 2 hit a wall and did not move.
avatar 1 completed their move.
avatar 1 has attempted to move north from its current position at (1,8)
avatar 1 completed their move.
avatar 2 hit a wall and did not move.
avatar 0 hit a wall and did not move.
avatar 1 has attempted to move west from its current position at (1,7)
avatar 1 completed their move.
avatar 2 hit a wall and did not move.
avatar 0 hit a wall and did not move.
avatar 1 has attempted to move south from its current position at (0,7)
avatar 1 completed their move.
avatar 2 hit a wall and did not move.
avatar 0 hit a wall and did not move.
avatar 1 has attempted to move north from its current position at (0,8)
avatar 1 completed their move.
avatar 2 hit a wall and did not move.
avatar 0 hit a wall and did not move.
avatar 1 has attempted to move east from its current position at (0,7)
avatar 1 completed their move.
avatar 2 hit a wall and did not move.
avatar 0 hit a wall and did not move.
avatar 1 has attempted to move south from its current position at (1,7)
avatar 1 completed their move.
avatar 2 hit a wall and did not move.
avatar 0 hit a wall and did not move.
avatar 1 has attempted to move east from its current position at (1,8)
avatar 1 completed their move.
avatar 2 hit a wall and did not move.
avatar 0 hit a wall and did not move.
avatar 1 has attempted to move north from its current position at (2,8)
avatar 1 completed their move.
avatar 2 hit a wall and did not move.
avatar 0 hit a wall and did not move.
avatar 1 has attempted to move north from its current position at (2,7)
avatar 1 completed their move.
avatar 2 hit a wall and did not move.
avatar 0 hit a wall and did not move.
avatar 1 has attempted to move north from its current position at (2,6)
avatar 1 completed their move.
avatar 2 hit a wall and did not move.
avatar 0 hit a wall and did not move.
avatar 1 has attempted to move west from its current position at (2,5)
avatar 1 completed their move.
avatar 2 hit a wall and did not move.
avatar 0 hit a wall and did not move.
avatar 1 has attempted to move south from its current position at (1,5)
avatar 1 completed their move.
avatar 2 hit a wall and did not move.
avatar 0 hit a wall and did not move.
avatar 1 has attempted to move west from its current position at (1,6)
avatar 1 completed their move.
avatar 2 hit a wall and did not move.
avatar 0 hit a wall and did not move.
avatar 1 has attempted to move north from its current position at (0,6)
avatar 1 completed their move.
avatar 2 hit a wall and did not move.
avatar 0 hit a wall and did not move.
avatar 1 has attempted to move north from its current position at (0,5)
avatar 1 completed their move.
avatar 2 hit a wall and did not move.
avatar 0 hit a wall and did not move.
avatar 1 has attempted to move north from its current position at (0,4)
avatar 1 completed their move.
avatar 2 hit a wall and did not move.
avatar 0 hit a wall and did not move.
avatar 1 has attempted to move north from its current position at (0,3)
avatar 1 completed their move.
avatar 2 hit a wall and did not move.
avatar 0 hit a wall and did not move.
avatar 1 has attempted to move east from its current position at (0,2)
avatar 1 completed their move.
avatar 2 hit a wall and did not move.
avatar 0 hit a wall and did not move.
avatar 1 has attempted to move east from its current position at (1,2)
avatar 1 completed their move.
avatar 2 hit a wall and did not move.
avatar 0 hit a wall and did not move.
avatar 1 has attempted to move south from its current position at (2,2)
Maze Solved, navatars: 3, difficulty: 1, total moves: 127, hash number: 1566436340 !
avatar 0 successfully started
avatar 0 completed their move.
avatar 0 has attempted to move north from its current position at (0,7)
avatar 0 hit a wall and did not move.
avatar 0 completed their move.
avatar 0 completed their move.
avatar 0 has attempted to move east from its current position at (0,7)
avatar 0 completed their move.
avatar 1 hit a wall and did not move.
avatar 0 completed their move.
avatar 0 has attempted to move north from its current position at (1,7)
avatar 0 hit a wall and did not move.
avatar 0 completed their move.
avatar 2 hit a wall and did not move.
avatar 0 has attempted to move east from its current position at (1,7)
avatar 0 hit a wall and did not move.
avatar 1 hit a wall and did not move.
avatar 0 completed their move.
avatar 0 has attempted to move west from its current position at (1,7)
avatar 0 completed their move.
avatar 0 completed their move.
avatar 2 hit a wall and did not move.
avatar 0 has attempted to move south from its current position at (0,7)
avatar 0 completed their move.
avatar 1 hit a wall and did not move.
avatar 0 completed their move.
avatar 0 has attempted to move east from its current position at (0,8)
avatar 0 hit a wall and did not move.
avatar 1 hit a wall and did not move.
avatar 0 completed their move.
avatar 0 has attempted to move north from its current position at (0,8)
avatar 0 completed their move.
avatar 0 completed their move.
avatar 0 completed their move.
avatar 0 has attempted to move east from its current position at (0,7)
avatar 0 completed their move.
avatar 1 hit a wall and did not move.
avatar 0 completed their move.
avatar 0 has attempted to move south from its current position at (1,7)
avatar 0 completed their move.
avatar 0 completed their move.
avatar 2 hit a wall and did not move.
avatar 0 has attempted to move east from its current position at (1,8)
avatar 0 completed their move.
avatar 0 completed their move.
avatar 0 completed their move.
avatar 0 has attempted to move north from its current position at (2,8)
avatar 0 completed their move.
avatar 1 hit a wall and did not move.
avatar 2 hit a wall and did not move.
avatar 0 has attempted to move north from its current position at (2,7)
avatar 0 completed their move.
avatar 0 completed their move.
avatar 0 completed their move.
avatar 0 has attempted to move north from its current position at (2,6)
avatar 0 completed their move.
avatar 1 hit a wall and did not move.
avatar 0 completed their move.
avatar 0 has attempted to move west from its current position at (2,5)
avatar 0 completed their move.
avatar 0 completed their move.
avatar 0 completed their move.
avatar 0 has attempted to move south from its current position at (1,5)
avatar 0 completed their move.
avatar 0 completed their move.
avatar 0 completed their move.
avatar 0 has attempted to move west from its current position at (1,6)
avatar 0 completed their move.
avatar 1 hit a wall and did not move.
avatar 2 hit a wall and did not move.
avatar 0 has attempted to move north from its current position at (0,6)
avatar 0 completed their move.
avatar 1 hit a wall and did not move.
avatar 2 hit a wall and did not move.
avatar 0 has attempted to move north from its current position at (0,5)
avatar 0 completed their move.
avatar 0 completed their move.
avatar 2 hit a wall and did not move.
avatar 0 has attempted to move north from its current position at (0,4)
avatar 0 completed their move.
avatar 0 completed their move.
avatar 2 hit a wall and did not move.
avatar 0 has attempted to move north from its current position at (0,3)
avatar 0 completed their move.
avatar 0 completed their move.
avatar 2 hit a wall and did not move.
avatar 0 has attempted to move east from its current position at (0,2)
avatar 0 completed their move.
avatar 0 completed their move.
avatar 2 hit a wall and did not move.
avatar 0 has attempted to move east from its current position at (1,2)
avatar 0 completed their move.
avatar 0 completed their move.
avatar 2 hit a wall and did not move.
avatar 0 has attempted to move south from its current position at (2,2)
avatar 0 completed their move.
avatar 0 completed their move.
avatar 2 hit a wall and did not move.
avatar 0 has attempted to move south from its current position at (2,3)
avatar 0 hit a wall and did not move.
avatar 0 completed their move.
avatar 2 hit a wall and did not move.
avatar 0 has attempted to move south from its current position at (2,3)
avatar 0 hit a wall and did not move.
avatar 0 completed their move.
avatar 2 hit a wall and did not move.
avatar 0 has attempted to move south from its current position at (2,3)
avatar 0 hit a wall and did not move.
avatar 0 completed their move.
avatar 2 hit a wall and did not move.
avatar 0 has attempted to move south from its current position at (2,3)
avatar 0 hit a wall and did not move.
avatar 0 completed their move.
avatar 2 hit a wall and did not move.
avatar 0 has attempted to move south from its current position at (2,3)
avatar 0 hit a wall and did not move.
avatar 0 completed their move.
avatar 2 hit a wall and did not move.
avatar 0 has attempted to move south from its current position at (2,3)
avatar 0 hit a wall and did not move.
avatar 0 completed their move.
avatar 2 hit a wall and did not move.
avatar 0 has attempted to move south from its current position at (2,3)
avatar 0 hit a wall and did not move.
avatar 0 completed their move.
avatar 2 hit a wall and did not move.
avatar 0 has attempted to move south from its current position at (2,3)
avatar 0 hit a wall and did not move.
avatar 0 completed their move.
avatar 2 hit a wall and did not move.
avatar 0 has attempted to move south from its current position at (2,3)
avatar 0 hit a wall and did not move.
avatar 0 completed their move.
avatar 2 hit a wall and did not move.
avatar 0 has attempted to move south from its current position at (2,3)
avatar 0 hit a wall and did not move.
avatar 0 completed their move.
avatar 2 hit a wall and did not move.
avatar 0 has attempted to move south from its current position at (2,3)
avatar 0 hit a wall and did not move.
avatar 0 completed their move.
avatar 2 hit a wall and did not move.
avatar 0 has attempted to move south from its current position at (2,3)
avatar 0 hit a wall and did not move.
avatar 0 completed their move.
avatar 2 hit a wall and did not move.
avatar 0 has attempted to move south from its current position at (2,3)
avatar 0 hit a wall and did not move.
avatar 0 completed their move.
avatar 2 hit a wall and did not move.
avatar 0 has attempted to move south from its current position at (2,3)
avatar 0 hit a wall and did not move.
avatar 0 completed their move.
avatar 2 hit a wall and did not move.
avatar 0 has attempted to move south from its current position at (2,3)
avatar 0 hit a wall and did not move.
avatar 0 completed their move.
avatar 2 hit a wall and did not move.
avatar 0 has attempted to move south from its current position at (2,3)
avatar 0 hit a wall and did not move.
avatar 0 completed their move.
avatar 2 hit a wall and did not move.
avatar 0 has attempted to move south from its current position at (2,3)
avatar 0 hit a wall and did not move.
avatar 0 completed their move.
avatar 2 hit a wall and did not move.
avatar 0 has attempted to move south from its current position at (2,3)
avatar 0 hit a wall and did not move.
avatar 0 completed their move.
avatar 2 hit a wall and did not move.
avatar 0 has attempted to move south from its current position at (2,3)
avatar 0 hit a wall and did not move.
Maze Solved, navatars: 3, difficulty: 1, total moves: 127, hash number: 1566436340 !
avatar 2 successfully started
avatar 2 completed their move.
avatar 0 hit a wall and did not move.
avatar 2 completed their move.
avatar 2 has attempted to move north from its current position at (2,7)
avatar 2 completed their move.
avatar 2 completed their move.
avatar 1 hit a wall and did not move.
avatar 2 has attempted to move north from its current position at (2,6)
avatar 2 completed their move.
avatar 0 hit a wall and did not move.
avatar 2 completed their move.
avatar 2 has attempted to move north from its current position at (2,5)
avatar 2 hit a wall and did not move.
avatar 0 hit a wall and did not move.
avatar 1 hit a wall and did not move.
avatar 2 has attempted to move west from its current position at (2,5)
avatar 2 completed their move.
avatar 2 completed their move.
avatar 2 completed their move.
avatar 2 has attempted to move west from its current position at (1,5)
avatar 2 hit a wall and did not move.
avatar 2 completed their move.
avatar 1 hit a wall and did not move.
avatar 2 has attempted to move south from its current position at (1,5)
avatar 2 completed their move.
avatar 0 hit a wall and did not move.
avatar 1 hit a wall and did not move.
avatar 2 has attempted to move west from its current position at (1,6)
avatar 2 completed their move.
avatar 2 completed their move.
avatar 2 completed their move.
avatar 2 has attempted to move north from its current position at (0,6)
avatar 2 completed their move.
avatar 2 completed their move.
avatar 1 hit a wall and did not move.
avatar 2 has attempted to move north from its current position at (0,5)
avatar 2 completed their move.
avatar 2 completed their move.
avatar 2 completed their move.
avatar 2 has attempted to move east from its current position at (0,4)
avatar 2 hit a wall and did not move.
avatar 2 completed their move.
avatar 2 completed their move.
avatar 2 has attempted to move north from its current position at (0,4)
avatar 2 completed their move.
avatar 2 completed their move.
avatar 1 hit a wall and did not move.
avatar 2 has attempted to move east from its current position at (0,3)
avatar 2 hit a wall and did not move.
avatar 2 completed their move.
avatar 2 completed their move.
avatar 2 has attempted to move north from its current position at (0,3)
avatar 2 completed their move.
avatar 2 completed their move.
avatar 1 hit a wall and did not move.
avatar 2 has attempted to move east from its current position at (0,2)
avatar 2 completed their move.
avatar 2 completed their move.
avatar 2 completed their move.
avatar 2 has attempted to move east from its current position at (1,2)
avatar 2 completed their move.
avatar 2 completed their move.
avatar 2 completed their move.
avatar 2 has attempted to move south from its current position at (2,2)
avatar 2 completed their move.
avatar 2 completed their move.
avatar 1 hit a wall and did not move.
avatar 2 has attempted to move south from its current position at (2,3)
avatar 2 hit a wall and did not move.
avatar 2 completed their move.
avatar 1 hit a wall and did not move.
avatar 2 has attempted to move south from its current position at (2,3)
avatar 2 hit a wall and did not move.
avatar 2 completed their move.
avatar 2 completed their move.
avatar 2 has attempted to move south from its current position at (2,3)
avatar 2 hit a wall and did not move.
avatar 2 completed their move.
avatar 2 completed their move.
avatar 2 has attempted to move south from its current position at (2,3)
avatar 2 hit a wall and did not move.
avatar 2 completed their move.
avatar 2 completed their move.
avatar 2 has attempted to move south from its current position at (2,3)
avatar 2 hit a wall and did not move.
avatar 2 completed their move.
avatar 2 completed their move.
avatar 2 has attempted to move south from its current position at (2,3)
avatar 2 hit a wall and did not move.
avatar 2 completed their move.
avatar 2 completed their move.
avatar 2 has attempted to move south from its current position at (2,3)
avatar 2 hit a wall and did not move.
avatar 2 completed their move.
avatar 2 completed their move.
avatar 2 has attempted to move south from its current position at (2,3)
avatar 2 hit a wall and did not move.
avatar 0 hit a wall and did not move.
avatar 2 completed their move.
avatar 2 has attempted to move south from its current position at (2,3)
avatar 2 hit a wall and did not move.
avatar 0 hit a wall and did not move.
avatar 2 completed their move.
avatar 2 has attempted to move south from its current position at (2,3)
avatar 2 hit a wall and did not move.
avatar 0 hit a wall and did not move.
avatar 2 completed their move.
avatar 2 has attempted to move south from its current position at (2,3)
avatar 2 hit a wall and did not move.
avatar 0 hit a wall and did not move.
avatar 2 completed their move.
avatar 2 has attempted to move south from its current position at (2,3)
avatar 2 hit a wall and did not move.
avatar 0 hit a wall and did not move.
avatar 2 completed their move.
avatar 2 has attempted to move south from its current position at (2,3)
avatar 2 hit a wall and did not move.
avatar 0 hit a wall and did not move.
avatar 2 completed their move.
avatar 2 has attempted to move south from its current position at (2,3)
avatar 2 hit a wall and did not move.
avatar 0 hit a wall and did not move.
avatar 2 completed their move.
avatar 2 has attempted to move south from its current position at (2,3)
avatar 2 hit a wall and did not move.
avatar 0 hit a wall and did not move.
avatar 2 completed their move.
avatar 2 has attempted to move south from its current position at (2,3)
avatar 2 hit a wall and did not move.
avatar 0 hit a wall and did not move.
avatar 2 completed their move.
avatar 2 has attempted to move south from its current position at (2,3)
avatar 2 hit a wall and did not move.
avatar 0 hit a wall and did not move.
avatar 2 completed their move.
avatar 2 has attempted to move south from its current position at (2,3)
avatar 2 hit a wall and did not move.
avatar 0 hit a wall and did not move.
avatar 2 completed their move.
avatar 2 has attempted to move south from its current position at (2,3)
avatar 2 hit a wall and did not move.
avatar 0 hit a wall and did not move.
avatar 2 completed their move.
avatar 2 has attempted to move south from its current position at (2,3)
avatar 2 hit a wall and did not move.
avatar 0 hit a wall and did not move.
avatar 2 completed their move.
avatar 2 has attempted to move south from its current position at (2,3)
avatar 2 hit a wall and did not move.
avatar 0 hit a wall and did not move.
avatar 2 completed their move.
avatar 2 has attempted to move south from its current position at (2,3)
avatar 2 hit a wall and did not move.
avatar 0 hit a wall and did not move.
avatar 2 completed their move.
avatar 2 has attempted to move south from its current position at (2,3)
avatar 2 hit a wall and did not move.
avatar 0 hit a wall and did not move.
avatar 2 completed their move.
avatar 2 has attempted to move south from its current position at (2,3)
avatar 2 hit a wall and did not move.
avatar 0 hit a wall and did not move.
avatar 2 completed their move.
avatar 2 has attempted to move south from its current position at (2,3)
avatar 2 hit a wall and did not move.
avatar 0 hit a wall and did not move.
avatar 2 completed their move.
avatar 2 has attempted to move south from its current position at (2,3)
avatar 2 hit a wall and did not move.
avatar 0 hit a wall and did not move.
Maze Solved, navatars: 3, difficulty: 1, total moves: 127, hash number: 1566436340 !
