Starting avatar 0: ashedd, 46763, Thu Mar  8 15:24:32 2018

Starting avatar 1: ashedd, 46763, Thu Mar  8 15:24:32 2018

Starting avatar 2: ashedd, 46763, Thu Mar  8 15:24:32 2018

Starting avatar 0: ashedd, 46763, Thu Mar  8 15:24:32 2018

Starting avatar 1: ashedd, 46763, Thu Mar  8 15:24:32 2018

Starting avatar 2: ashedd, 46763, Thu Mar  8 15:24:32 2018

Starting avatar 0: ashedd, 46763, Thu Mar  8 15:24:32 2018

Starting avatar 0: ashedd, 46763, Thu Mar  8 15:24:32 2018

Starting avatar 1: ashedd, 46763, Thu Mar  8 15:24:32 2018

t a wall and did not move.
avatar 1 completed their move.
avatar 1 completed their move.
avatar 1 has attempted to move south from its current position at (8,1)
avatar 1 completed their move.
avatar 2 hit a wall and did not move.
avatar 1 completed their move.
avatar 1 has attempted to move west from its current position at (8,2)
avatar 1 hit a wall and did not move.
avatar 2 hit a wall and did not move.
avatar 1 completed their move.
avatar 1 has attempted to move south from its current position at (8,2)
avatar 1 completed their move.
avatar 1 completed their move.
avatar 1 completed their move.
avatar 1 has attempted to move west from its current position at (8,3)
avatar 1 completed their move.
avatar 2 hit a wall and did not move.
avatar 0 hit a wall and did not move.
avatar 1 has attempted to move south from its current position at (7,3)
avatar 1 completed their move.
avatar 2 hit a wall and did not move.
avatar 1 completed their move.
avatar 1 has attempted to move east from its current position at (7,4)
avatar 1 completed their move.
avatar 1 completed their move.
avatar 0 hit a wall and did not move.
avatar 1 has attempted to move east from its current position at (8,4)
avatar 1 completed their move.
avatar 2 hit a wall and did not move.
avatar 1 completed their move.
avatar 1 has attempted to move north from its current position at (9,4)
avatar 1 hit a wall and did not move.
avatar 1 completed their move.
avatar 0 hit a wall and did not move.
avatar 1 has attempted to move east from its current position at (9,4)
avatar 1 completed their move.
avatar 1 completed their move.
avatar 1 completed their move.
avatar 1 has attempted to move south from its current position at (10,4)
avatar 1 completed their move.
avatar 2 hit a wall and did not move.
avatar 0 hit a wall and did not move.
avatar 1 has attempted to move south from its current position at (10,5)
avatar 1 completed their move.
avatar 1 completed their move.
avatar 1 completed their move.
avatar 1 has attempted to move west from its current position at (10,6)
avatar 1 hit a wall and did not move.
avatar 1 completed their move.
avatar 0 hit a wall and did not move.
avatar 1 has attempted to move south from its current position at (10,6)
avatar 1 completed their move.
avatar 1 completed their move.
avatar 0 hit a wall and did not move.
avatar 1 has attempted to move west from its current position at (10,7)
avatar 1 completed their move.
avatar 2 hit a wall and did not move.
avatar 1 completed their move.
avatar 1 has attempted to move north from its current position at (9,7)
avatar 1 hit a wall and did not move.
avatar 2 hit a wall and did not move.
avatar 1 completed their move.
avatar 1 has attempted to move east from its current position at (9,7)
avatar 1 completed their move.
avatar 1 completed their move.
avatar 1 completed their move.
avatar 1 has attempted to move south from its current position at (10,7)
avatar 1 completed their move.
avatar 1 completed their move.
avatar 0 hit a wall and did not move.
avatar 1 has attempted to move west from its current position at (10,8)
avatar 1 hit a wall and did not move.
avatar 2 hit a wall and did not move.
avatar 1 completed their move.
avatar 1 has attempted to move east from its current position at (10,8)
avatar 1 completed their move.
avatar 1 completed their move.
avatar 0 hit a wall and did not move.
avatar 1 has attempted to move north from its current position at (11,8)
avatar 1 hit a wall and did not move.
avatar 1 completed their move.
avatar 1 completed their move.
avatar 1 has attempted to move south from its current position at (11,8)
avatar 1 completed their move.
avatar 1 completed their move.
avatar 1 completed their move.
avatar 1 has attempted to move west from its current position at (11,9)
avatar 1 completed their move.
avatar 1 completed their move.
avatar 1 completed their move.
avatar 1 has attempted to move west from its current position at (10,9)
avatar 1 completed their move.
avatar 1 completed their move.
avatar 1 completed their move.
avatar 1 has attempted to move north from its current position at (9,9)
avatar 1 completed their move.
avatar 1 completed their move.
avatar 1 completed their move.
avatar 1 has attempted to move west from its current position at (9,8)
avatar 1 completed their move.
avatar 1 completed their move.
avatar 1 completed their move.
avatar 1 has attempted to move north from its current position at (8,8)
avatar 1 completed their move.
avatar 2 hit a wall and did not move.
avatar 1 completed their move.
avatar 1 has attempted to move north from its current position at (8,7)
avatar 1 completed their move.
avatar 1 completed their move.
avatar 1 completed their move.
avatar 1 has attempted to move west from its current position at (8,6)
avatar 1 hit a wall and did not move.
avatar 2 hit a wall and did not move.
avatar 1 completed their move.
avatar 1 has attempted to move east from its current position at (8,6)
avatar 1 completed their move.
avatar 1 completed their move.
avatar 1 completed their move.
avatar 1 has attempted to move north from its current position at (9,6)
avatar 1 completed their move.
avatar 1 completed their move.
avatar 1 completed their move.
avatar 1 has attempted to move west from its current position at (9,5)
avatar 1 completed their move.
avatar 1 completed their move.
avatar 1 completed their move.
avatar 1 has attempted to move west from its current position at (8,5)
avatar 1 completed their move.
avatar 1 completed their move.
avatar 1 completed their move.
avatar 1 has attempted to move west from its current position at (7,5)
avatar 1 hit a wall and did not move.
avatar 1 completed their move.
avatar 1 completed their move.
avatar 1 has attempted to move south from its current position at (7,5)
avatar 1 completed their move.
avatar 2 hit a wall and did not move.
avatar 1 completed their move.
avatar 1 has attempted to move south from its current position at (7,6)
avatar 1 completed their move.
avatar 1 completed their move.
avatar 1 completed their move.
avatar 1 has attempted to move west from its current position at (7,7)
avatar 1 completed their move.
avatar 1 completed their move.
avatar 1 completed their move.
avatar 1 has attempted to move north from its current position at (6,7)
avatar 1 hit a wall and did not move.
avatar 2 hit a wall and did not move.
avatar 1 completed their move.
avatar 1 has attempted to move south from its current position at (6,7)
avatar 1 completed their move.
avatar 1 completed their move.
avatar 1 completed their move.
avatar 1 has attempted to move west from its current position at (6,8)
avatar 1 completed their move.
avatar 1 completed their move.
avatar 1 completed their move.
avatar 1 has attempted to move north from its current position at (5,8)
avatar 1 hit a wall and did not move.
avatar 1 completed their move.
avatar 1 completed their move.
avatar 1 has attempted to move west from its current position at (5,8)
avatar 1 completed their move.
avatar 1 completed their move.
avatar 1 completed their move.
avatar 1 has attempted to move north from its current position at (4,8)
avatar 1 completed their move.
avatar 1 completed their move.
avatar 1 completed their move.
avatar 1 has attempted to move north from its current position at (4,7)
avatar 1 completed their move.
avatar 2 hit a wall and did not move.
avatar 1 completed their move.
avatar 1 has attempted to move east from its current position at (4,6)
avatar 1 hit a wall and did not move.
avatar 1 completed their move.
avatar 1 completed their move.
avatar 1 has attempted to move west from its current position at (4,6)
avatar 1 completed their move.
avatar 2 hit a wall and did not move.
avatar 1 completed their move.
avatar 1 has attempted to move west from its current position at (3,6)
avatar 1 hit a wall avatar 0 successfully started
avatar 0 completed their move.
avatar 0 has attempted to move east from its current position at (2,2)
avatar 0 hit a wall and did not move.
avatar 0 completed their move.
avatar 2 hit a wall and did not move.
avatar 0 has attempted to move south from its current position at (2,2)
avatar 0 hit a wall and did not move.
avatar 1 hit a wall and did not move.
avatar 0 completed their move.
avatar 0 has attempted to move north from its current position at (2,2)
avatar 0 completed their move.
avatar 0 completed their move.
avatar 2 hit a wall and did not move.
avatar 0 has attempted to move east from its current position at (2,1)
avatar 0 completed their move.
avatar 1 hit a wall and did not move.
avatar 2 hit a wall and did not move.
avatar 0 has attempted to move south from its current position at (3,1)
avatar 0 completed their move.
avatar 0 completed their move.
avatar 0 completed their move.
avatar 0 has attempted to move east from its current position at (3,2)
avatar 0 completed their move.
avatar 0 completed their move.
avatar 2 hit a wall and did not move.
avatar 0 has attempted to move south from its current position at (4,2)
avatar 0 hit a wall and did not move.
avatar 0 completed their move.
avatar 2 hit a wall and did not move.
avatar 0 has attempted to move east from its current position at (4,2)
avatar 0 completed their move.
avatar 0 completed their move.
avatar 0 completed their move.
avatar 0 has attempted to move south from its current position at (5,2)
avatar 0 hit a wall and did not move.
avatar 0 completed their move.
avatar 2 hit a wall and did not move.
avatar 0 has attempted to move east from its current position at (5,2)
avatar 0 completed their move.
avatar 1 hit a wall and did not move.
avatar 0 completed their move.
avatar 0 has attempted to move south from its current position at (6,2)
avatar 0 hit a wall and did not move.
avatar 0 completed their move.
avatar 0 completed their move.
avatar 0 has attempted to move east from its current position at (6,2)
avatar 0 completed their move.
avatar 0 completed their move.
avatar 2 hit a wall and did not move.
avatar 0 has attempted to move south from its current position at (7,2)
avatar 0 hit a wall and did not move.
avatar 0 completed their move.
avatar 0 completed their move.
avatar 0 has attempted to move north from its current position at (7,2)
avatar 0 completed their move.
avatar 1 hit a wall and did not move.
avatar 0 completed their move.
avatar 0 has attempted to move west from its current position at (7,1)
avatar 0 hit a wall and did not move.
avatar 0 completed their move.
avatar 0 completed their move.
avatar 0 has attempted to move north from its current position at (7,1)
avatar 0 hit a wall and did not move.
avatar 0 completed their move.
avatar 2 hit a wall and did not move.
avatar 0 has attempted to move south from its current position at (7,1)
avatar 0 completed their move.
avatar 1 hit a wall and did not move.
avatar 2 hit a wall and did not move.
avatar 0 has attempted to move west from its current position at (7,2)
avatar 0 completed their move.
avatar 0 completed their move.
avatar 0 completed their move.
avatar 0 has attempted to move north from its current position at (6,2)
avatar 0 completed their move.
avatar 0 completed their move.
avatar 0 completed their move.
avatar 0 has attempted to move west from its current position at (6,1)
avatar 0 hit a wall and did not move.
avatar 1 hit a wall and did not move.
avatar 2 hit a wall and did not move.
avatar 0 has attempted to move north from its current position at (6,1)
avatar 0 completed their move.
avatar 0 completed their move.
avatar 0 completed their move.
avatar 0 has attempted to move west from its current position at (6,0)
avatar 0 hit a wall and did not move.
avatar 1 hit a wall and did not move.
avatar 0 completed their move.
avatar 0 has attempted to move east from its current position at (6,0)
avatar 0 completed their move.
avatar 0 completed their move.
avatar 0 completed their move.
avatar 0 has attempted to move east from its current position at (7,0)
avatar 0 completed their move.
avatar 0 completed their move.
avatar 0 completed their move.
avatar 0 has attempted to move south from its current position at (8,0)
avatar 0 completed their move.
avatar 0 completed their move.
avatar 0 completed their move.
avatar 0 has attempted to move south from its current position at (8,1)
avatar 0 completed their move.
avatar 0 completed their move.
avatar 0 completed their move.
avatar 0 has attempted to move south from its current position at (8,2)
avatar 0 completed their move.
avatar 0 completed their move.
avatar 0 completed their move.
avatar 0 has attempted to move west from its current position at (8,3)
avatar 0 completed their move.
avatar 0 completed their move.
avatar 2 hit a wall and did not move.
avatar 0 has attempted to move south from its current position at (7,3)
avatar 0 completed their move.
avatar 0 completed their move.
avatar 0 completed their move.
avatar 0 has attempted to move east from its current position at (7,4)
avatar 0 completed their move.
avatar 1 hit a wall and did not move.
avatar 2 hit a wall and did not move.
avatar 0 has attempted to move east from its current position at (8,4)
avatar 0 completed their move.
avatar 0 completed their move.
avatar 0 completed their move.
avatar 0 has attempted to move east from its current position at (9,4)
avatar 0 completed their move.
avatar 0 completed their move.
avatar 0 completed their move.
avatar 0 has attempted to move south from its current position at (10,4)
avatar 0 completed their move.
avatar 0 completed their move.
avatar 0 completed their move.
avatar 0 has attempted to move south from its current position at (10,5)
avatar 0 completed their move.
avatar 0 completed their move.
avatar 0 completed their move.
avatar 0 has attempted to move south from its current position at (10,6)
avatar 0 completed their move.
avatar 1 hit a wall and did not move.
avatar 0 completed their move.
avatar 0 has attempted to move west from its current position at (10,7)
avatar 0 completed their move.
avatar 0 completed their move.
avatar 2 hit a wall and did not move.
avatar 0 has attempted to move east from its current position at (9,7)
avatar 0 completed their move.
avatar 0 completed their move.
avatar 0 completed their move.
avatar 0 has attempted to move south from its current position at (10,7)
avatar 0 completed their move.
avatar 0 completed their move.
avatar 0 completed their move.
avatar 0 has attempted to move east from its current position at (10,8)
avatar 0 completed their move.
avatar 1 hit a wall and did not move.
avatar 2 hit a wall and did not move.
avatar 0 has attempted to move south from its current position at (11,8)
avatar 0 completed their move.
avatar 0 completed their move.
avatar 0 completed their move.
avatar 0 has attempted to move west from its current position at (11,9)
avatar 0 completed their move.
avatar 0 completed their move.
avatar 0 completed their move.
avatar 0 has attempted to move west from its current position at (10,9)
avatar 0 completed their move.
avatar 1 hit a wall and did not move.
avatar 0 completed their move.
avatar 0 has attempted to move north from its current position at (9,9)
avatar 0 completed their move.
avatar 0 completed their move.
avatar 0 completed their move.
avatar 0 has attempted to move west from its current position at (9,8)
avatar 0 completed their move.
avatar 0 completed their move.
avatar 0 completed their move.
avatar 0 has attempted to move north from its current position at (8,8)
avatar 0 completed their move.
avatar 0 completed their move.
avatar 2 hit a wall and did not move.
avatar 0 has attempted to move north from its current position at (8,7)
avatar 0 completed their move.
avatar 1 hit a wall and did not move.
avatar 0 completed their move.
avatar 0 has attempted to move east from its current position at (8,6)
avatar 0 completed their move.
avatar 0 completed their move.
avatar 2 hit a wall and did not move.
avatar 0 has attempted to move north from its current position at (9,6)
avatar 0 completed their move.
avatar 1 hit a wall aavatar 2 successfully started
avatar 2 completed their move.
avatar 0 hit a wall and did not move.
avatar 2 completed their move.
avatar 2 has attempted to move west from its current position at (7,3)
avatar 2 hit a wall and did not move.
avatar 0 hit a wall and did not move.
avatar 1 hit a wall and did not move.
avatar 2 has attempted to move south from its current position at (7,3)
avatar 2 completed their move.
avatar 2 completed their move.
avatar 2 completed their move.
avatar 2 has attempted to move west from its current position at (7,4)
avatar 2 hit a wall and did not move.
avatar 2 completed their move.
avatar 1 hit a wall and did not move.
avatar 2 has attempted to move south from its current position at (7,4)
avatar 2 hit a wall and did not move.
avatar 2 completed their move.
avatar 2 completed their move.
avatar 2 has attempted to move east from its current position at (7,4)
avatar 2 completed their move.
avatar 2 completed their move.
avatar 2 completed their move.
avatar 2 has attempted to move south from its current position at (8,4)
avatar 2 hit a wall and did not move.
avatar 0 hit a wall and did not move.
avatar 2 completed their move.
avatar 2 has attempted to move north from its current position at (8,4)
avatar 2 hit a wall and did not move.
avatar 2 completed their move.
avatar 2 completed their move.
avatar 2 has attempted to move east from its current position at (8,4)
avatar 2 completed their move.
avatar 0 hit a wall and did not move.
avatar 2 completed their move.
avatar 2 has attempted to move south from its current position at (9,4)
avatar 2 hit a wall and did not move.
avatar 2 completed their move.
avatar 1 hit a wall and did not move.
avatar 2 has attempted to move east from its current position at (9,4)
avatar 2 completed their move.
avatar 0 hit a wall and did not move.
avatar 2 completed their move.
avatar 2 has attempted to move south from its current position at (10,4)
avatar 2 completed their move.
avatar 2 completed their move.
avatar 2 completed their move.
avatar 2 has attempted to move west from its current position at (10,5)
avatar 2 hit a wall and did not move.
avatar 0 hit a wall and did not move.
avatar 2 completed their move.
avatar 2 has attempted to move south from its current position at (10,5)
avatar 2 completed their move.
avatar 2 completed their move.
avatar 1 hit a wall and did not move.
avatar 2 has attempted to move south from its current position at (10,6)
avatar 2 completed their move.
avatar 0 hit a wall and did not move.
avatar 2 completed their move.
avatar 2 has attempted to move west from its current position at (10,7)
avatar 2 completed their move.
avatar 0 hit a wall and did not move.
avatar 2 completed their move.
avatar 2 has attempted to move west from its current position at (9,7)
avatar 2 hit a wall and did not move.
avatar 2 completed their move.
avatar 1 hit a wall and did not move.
avatar 2 has attempted to move south from its current position at (9,7)
avatar 2 hit a wall and did not move.
avatar 2 completed their move.
avatar 2 completed their move.
avatar 2 has attempted to move east from its current position at (9,7)
avatar 2 completed their move.
avatar 2 completed their move.
avatar 2 completed their move.
avatar 2 has attempted to move south from its current position at (10,7)
avatar 2 completed their move.
avatar 0 hit a wall and did not move.
avatar 1 hit a wall and did not move.
avatar 2 has attempted to move south from its current position at (10,8)
avatar 2 hit a wall and did not move.
avatar 2 completed their move.
avatar 2 completed their move.
avatar 2 has attempted to move east from its current position at (10,8)
avatar 2 completed their move.
avatar 0 hit a wall and did not move.
avatar 1 hit a wall and did not move.
avatar 2 has attempted to move south from its current position at (11,8)
avatar 2 completed their move.
avatar 2 completed their move.
avatar 2 completed their move.
avatar 2 has attempted to move west from its current position at (11,9)
avatar 2 completed their move.
avatar 2 completed their move.
avatar 2 completed their move.
avatar 2 has attempted to move west from its current position at (10,9)
avatar 2 completed their move.
avatar 2 completed their move.
avatar 2 completed their move.
avatar 2 has attempted to move north from its current position at (9,9)
avatar 2 completed their move.
avatar 2 completed their move.
avatar 2 completed their move.
avatar 2 has attempted to move west from its current position at (9,8)
avatar 2 completed their move.
avatar 2 completed their move.
avatar 2 completed their move.
avatar 2 has attempted to move north from its current position at (8,8)
avatar 2 completed their move.
avatar 2 completed their move.
avatar 2 completed their move.
avatar 2 has attempted to move west from its current position at (8,7)
avatar 2 hit a wall and did not move.
avatar 2 completed their move.
avatar 2 completed their move.
avatar 2 has attempted to move north from its current position at (8,7)
avatar 2 completed their move.
avatar 2 completed their move.
avatar 1 hit a wall and did not move.
avatar 2 has attempted to move north from its current position at (8,6)
avatar 2 hit a wall and did not move.
avatar 2 completed their move.
avatar 2 completed their move.
avatar 2 has attempted to move east from its current position at (8,6)
avatar 2 completed their move.
avatar 2 completed their move.
avatar 2 completed their move.
avatar 2 has attempted to move north from its current position at (9,6)
avatar 2 completed their move.
avatar 2 completed their move.
avatar 2 completed their move.
avatar 2 has attempted to move west from its current position at (9,5)
avatar 2 completed their move.
avatar 2 completed their move.
avatar 2 completed their move.
avatar 2 has attempted to move west from its current position at (8,5)
avatar 2 completed their move.
avatar 2 completed their move.
avatar 1 hit a wall and did not move.
avatar 2 has attempted to move south from its current position at (7,5)
avatar 2 completed their move.
avatar 2 completed their move.
avatar 2 completed their move.
avatar 2 has attempted to move west from its current position at (7,6)
avatar 2 hit a wall and did not move.
avatar 2 completed their move.
avatar 2 completed their move.
avatar 2 has attempted to move south from its current position at (7,6)
avatar 2 completed their move.
avatar 2 completed their move.
avatar 2 completed their move.
avatar 2 has attempted to move west from its current position at (7,7)
avatar 2 completed their move.
avatar 2 completed their move.
avatar 1 hit a wall and did not move.
avatar 2 has attempted to move west from its current position at (6,7)
avatar 2 hit a wall and did not move.
avatar 2 completed their move.
avatar 2 completed their move.
avatar 2 has attempted to move south from its current position at (6,7)
avatar 2 completed their move.
avatar 2 completed their move.
avatar 2 completed their move.
avatar 2 has attempted to move west from its current position at (6,8)
avatar 2 completed their move.
avatar 2 completed their move.
avatar 1 hit a wall and did not move.
avatar 2 has attempted to move west from its current position at (5,8)
avatar 2 completed their move.
avatar 2 completed their move.
avatar 2 completed their move.
avatar 2 has attempted to move north from its current position at (4,8)
avatar 2 completed their move.
avatar 2 completed their move.
avatar 2 completed their move.
avatar 2 has attempted to move north from its current position at (4,7)
avatar 2 completed their move.
avatar 2 completed their move.
avatar 2 completed their move.
avatar 2 has attempted to move north from its current position at (4,6)
avatar 2 hit a wall and did not move.
avatar 2 completed their move.
avatar 1 hit a wall and did not move.
avatar 2 has attempted to move west from its current position at (4,6)
avatar 2 completed their move.
avatar 2 completed their move.
avatar 2 completed their move.
avatar 2 has attempted to move north from its current position at (3,6)
avatar 2 hit a wall and did not move.
avatar 2 completed their move.
avatar 1 hit a wall and did not move.
avatar 2 has attempted to move south from its current position at (3,6)
avatar 2 completed their move.
avatar 2 completed their move.
avatar 2 completed their move.
avatar 2 has attempted to move west from its current position at (3,7)
avatar 2 hit a wall and did not move.
avatar 2 completed their move.
avatar 2 completed their move.
avatar 2 has attempted to move south from its current position at (3,7)
avatar 2 completed their move.
avatar 2 completed their move.
avatar 1 hit a wall and did not move.
avatar 2 has attempted to move south from its current position at (3,8)
avatar 2 completed their move.
avatar 2 completed their move.
avatar 2 completed their move.
avatar 2 has attempted to move east from its current position at (3,9)
avatar 2 completed their move.
avatar 2 completed their move.
avatar 2 completed their move.
avatar 2 has attempted to move east from its current position at (4,9)
avatar 2 completed their move.
avatar 2 completed their move.
avatar 2 completed their move.
avatar 2 has attempted to move east from its current position at (5,9)
avatar 2 completed their move.
avatar 2 completed their move.
avatar 2 completed their move.
avatar 2 has attempted to move east from its current position at (6,9)
avatar 2 completed their move.
avatar 2 completed their move.
avatar 2 completed their move.
avatar 2 has attempted to move north from its current position at (7,9)
avatar 2 completed their move.
avatar 2 completed their move.
avatar 2 completed their move.
avatar 2 has attempted to move south from its current position at (7,8)
avatar 2 completed their move.
avatar 2 completed their move.
avatar 2 completed their move.
avatar 2 has attempted to move east from its current position at (7,9)
avatar 2 hit a wall and did not move.
avatar 2 completed their move.
avatar 2 completed their move.
avatar 2 has attempted to move west from its current position at (7,9)
avatar 2 completed their move.
avatar 2 completed their move.
avatar 2 completed their move.
avatar 2 has attempted to move west from its current position at (6,9)
avatar 2 completed their move.
avatar 2 completed their move.
avatar 2 completed their move.
avatar 2 has attempted to move west from its current position at (5,9)
avatar 2 completed their move.
avatar 2 completed their move.
avatar 2 completed their move.
avatar 2 has attempted to move west from its current position at (4,9)
Maze Solved, navatars: 3, difficulty: 2, total moves: 185, hash number: -1707111209 !
nd did not move.
avatar 0 completed their move.
avatar 0 has attempted to move west from its current position at (9,5)
avatar 0 completed their move.
avatar 0 completed their move.
avatar 2 hit a wall and did not move.
avatar 0 has attempted to move west from its current position at (8,5)
avatar 0 completed their move.
avatar 0 completed their move.
avatar 0 completed their move.
avatar 0 has attempted to move south from its current position at (7,5)
avatar 0 completed their move.
avatar 1 hit a wall and did not move.
avatar 0 completed their move.
avatar 0 has attempted to move south from its current position at (7,6)
avatar 0 completed their move.
avatar 0 completed their move.
avatar 0 completed their move.
avatar 0 has attempted to move west from its current position at (7,7)
avatar 0 completed their move.
avatar 0 completed their move.
avatar 0 completed their move.
avatar 0 has attempted to move south from its current position at (6,7)
avatar 0 completed their move.
avatar 0 completed their move.
avatar 0 completed their move.
avatar 0 has attempted to move west from its current position at (6,8)
avatar 0 completed their move.
avatar 0 completed their move.
avatar 0 completed their move.
avatar 0 has attempted to move west from its current position at (5,8)
avatar 0 completed their move.
avatar 0 completed their move.
avatar 0 completed their move.
avatar 0 has attempted to move north from its current position at (4,8)
avatar 0 completed their move.
avatar 0 completed their move.
avatar 0 completed their move.
avatar 0 has attempted to move north from its current position at (4,7)
avatar 0 completed their move.
avatar 0 completed their move.
avatar 2 hit a wall and did not move.
avatar 0 has attempted to move west from its current position at (4,6)
avatar 0 completed their move.
avatar 0 completed their move.
avatar 0 completed their move.
avatar 0 has attempted to move south from its current position at (3,6)
avatar 0 completed their move.
avatar 0 completed their move.
avatar 0 completed their move.
avatar 0 has attempted to move south from its current position at (3,7)
avatar 0 completed their move.
avatar 0 completed their move.
avatar 0 completed their move.
avatar 0 has attempted to move south from its current position at (3,8)
avatar 0 completed their move.
avatar 0 completed their move.
Maze Solved, navatars: 3, difficulty: 2, total moves: 185, hash number: -1707111209 !
and did not move.
avatar 1 completed their move.
avatar 1 completed their move.
avatar 1 has attempted to move south from its current position at (3,6)
avatar 1 completed their move.
avatar 2 hit a wall and did not move.
avatar 1 completed their move.
avatar 1 has attempted to move south from its current position at (3,7)
avatar 1 completed their move.
avatar 1 completed their move.
avatar 1 completed their move.
avatar 1 has attempted to move west from its current position at (3,8)
avatar 1 hit a wall and did not move.
avatar 1 completed their move.
avatar 1 completed their move.
avatar 1 has attempted to move south from its current position at (3,8)
avatar 1 completed their move.
avatar 1 completed their move.
avatar 1 completed their move.
avatar 1 has attempted to move east from its current position at (3,9)
avatar 1 completed their move.
avatar 1 completed their move.
avatar 1 completed their move.
avatar 1 has attempted to move east from its current position at (4,9)
avatar 1 completed their move.
avatar 1 completed their move.
avatar 1 completed their move.
avatar 1 has attempted to move east from its current position at (5,9)
avatar 1 completed their move.
avatar 1 completed their move.
avatar 1 completed their move.
avatar 1 has attempted to move east from its current position at (6,9)
avatar 1 completed their move.
avatar 1 completed their move.
avatar 1 completed their move.
avatar 1 has attempted to move north from its current position at (7,9)
avatar 1 completed their move.
avatar 1 completed their move.
avatar 1 completed their move.
avatar 1 has attempted to move south from its current position at (7,8)
avatar 1 completed their move.
avatar 2 hit a wall and did not move.
avatar 1 completed their move.
avatar 1 has attempted to move west from its current position at (7,9)
avatar 1 completed their move.
avatar 1 completed their move.
avatar 1 completed their move.
avatar 1 has attempted to move west from its current position at (6,9)
avatar 1 completed their move.
avatar 1 completed their move.
avatar 1 completed their move.
avatar 1 has attempted to move west from its current position at (5,9)
avatar 1 completed their move.
avatar 1 completed their move.
avatar 1 completed their move.
avatar 1 has attempted to move west from its current position at (4,9)
avatar 1 completed their move.
Maze Solved, navatars: 3, difficulty: 2, total moves: 185, hash number: -1707111209 !
